Arguments: 
  /usr/local/bin/node /usr/local/bin/yarn

PATH: 
  /usr/local/bin:/usr/bin:/bin:/usr/sbin:/sbin

Yarn version: 
  1.22.19

Node version: 
  17.4.0

Platform: 
  darwin x64

Trace: 
  Error: https://registry.yarnpkg.com/core-js/-/core-js-2.6.12.tgz: ESOCKETTIMEDOUT
      at ClientRequest.<anonymous> (/usr/local/lib/node_modules/yarn/lib/cli.js:141517:19)
      at Object.onceWrapper (node:events:639:28)
      at ClientRequest.emit (node:events:520:28)
      at TLSSocket.emitRequestTimeout (node:_http_client:758:9)
      at Object.onceWrapper (node:events:639:28)
      at TLSSocket.emit (node:events:532:35)
      at TLSSocket.Socket._onTimeout (node:net:501:8)
      at listOnTimeout (node:internal/timers:559:17)
      at processTimers (node:internal/timers:502:7)

npm manifest: 
  {
    "name": "visualize_env_measurements",
    "version": "0.1.0",
    "private": true,
    "dependencies": {
      "@testing-library/jest-dom": "^5.16.5",
      "@testing-library/react": "^13.4.0",
      "@testing-library/user-event": "^13.5.0",
      "axios": "^1.3.5",
      "highcharts": "^10.3.3",
      "highcharts-react-official": "^3.2.0",
      "react": "^18.2.0",
      "react-dom": "^18.2.0",
      "react-scripts": "^2.1.3",
      "web-vitals": "^2.1.4"
    },
    "scripts": {
      "start": "react-scripts --openssl-legacy-provider start",
      "build": "react-scripts build",
      "test": "react-scripts test",
      "eject": "react-scripts eject"
    },
    "eslintConfig": {
      "extends": [
        "react-app",
        "react-app/jest"
      ]
    },
    "browserslist": {
      "production": [
        ">0.2%",
        "not dead",
        "not op_mini all"
      ],
      "development": [
        "last 1 chrome version",
        "last 1 firefox version",
        "last 1 safari version"
      ]
    }
  }

yarn manifest: 
  No manifest

Lockfile: 
  No lockfile
